2022-03-10 14:55:45.698  INFO 141912 --- [restartedMain] i.be.progettocsv.ProgettoCsvApplication  : Starting ProgettoCsvApplication using Java 11.0.13 on LAPTOP-KFKGCED5 with PID 141912 (C:\Users\Lenovo\eclipse-workspace\ProgettoCsv\target\classes started by Lenovo in C:\Users\Lenovo\eclipse-workspace\ProgettoCsv)
2022-03-10 14:55:45.702  INFO 141912 --- [restartedMain] i.be.progettocsv.ProgettoCsvApplication  : No active profile set, falling back to 1 default profile: "default"
2022-03-10 14:55:45.775  INFO 141912 --- [restartedMain] .e.DevToolsPropertyDefaultsPostProcessor : Devtools property defaults active! Set 'spring.devtools.add-properties' to 'false' to disable
2022-03-10 14:55:45.775  INFO 141912 --- [restartedMain] .e.DevToolsPropertyDefaultsPostProcessor : For additional web related logging consider setting the 'logging.level.web' property to 'DEBUG'
2022-03-10 14:55:46.895  INFO 141912 --- [restartedMain] .s.d.r.c.RepositoryConfigurationDelegate : Bootstrapping Spring Data JPA repositories in DEFAULT mode.
2022-03-10 14:55:46.916  INFO 141912 --- [restartedMain] .s.d.r.c.RepositoryConfigurationDelegate : Finished Spring Data repository scanning in 10 ms. Found 0 JPA repository interfaces.
2022-03-10 14:55:47.901  INFO 141912 --- [restartedMain] o.s.b.w.embedded.tomcat.TomcatWebServer  : Tomcat initialized with port(s): 8080 (http)
2022-03-10 14:55:47.917  INFO 141912 --- [restartedMain] o.apache.catalina.core.StandardService   : Starting service [Tomcat]
2022-03-10 14:55:47.918  INFO 141912 --- [restartedMain] org.apache.catalina.core.StandardEngine  : Starting Servlet engine: [Apache Tomcat/9.0.58]
2022-03-10 14:55:48.048  INFO 141912 --- [restartedMain] o.a.c.c.C.[Tomcat].[localhost].[/]       : Initializing Spring embedded WebApplicationContext
2022-03-10 14:55:48.049  INFO 141912 --- [restartedMain] w.s.c.ServletWebServerApplicationContext : Root WebApplicationContext: initialization completed in 2273 ms
2022-03-10 14:55:48.354  INFO 141912 --- [restartedMain] o.hibernate.jpa.internal.util.LogHelper  : HHH000204: Processing PersistenceUnitInfo [name: default]
2022-03-10 14:55:48.523  INFO 141912 --- [restartedMain] org.hibernate.Version                    : HHH000412: Hibernate ORM core version 5.6.5.Final
2022-03-10 14:55:48.893  INFO 141912 --- [restartedMain] o.hibernate.annotations.common.Version   : HCANN000001: Hibernate Commons Annotations {5.1.2.Final}
2022-03-10 14:55:49.097  INFO 141912 --- [restartedMain] com.zaxxer.hikari.HikariDataSource       : HikariPool-1 - Starting...
2022-03-10 14:55:49.488  INFO 141912 --- [restartedMain] com.zaxxer.hikari.HikariDataSource       : HikariPool-1 - Start completed.
2022-03-10 14:55:49.547  INFO 141912 --- [restartedMain] org.hibernate.dialect.Dialect            : HHH000400: Using dialect: org.hibernate.dialect.PostgreSQL10Dialect
2022-03-10 14:55:50.063  INFO 141912 --- [restartedMain] o.h.e.t.j.p.i.JtaPlatformInitiator       : HHH000490: Using JtaPlatform implementation: [org.hibernate.engine.transaction.jta.platform.internal.NoJtaPlatform]
2022-03-10 14:55:50.082  INFO 141912 --- [restartedMain] j.LocalContainerEntityManagerFactoryBean : Initialized JPA EntityManagerFactory for persistence unit 'default'
2022-03-10 14:55:50.168  WARN 141912 --- [restartedMain] JpaBaseConfiguration$JpaWebConfiguration : spring.jpa.open-in-view is enabled by default. Therefore, database queries may be performed during view rendering. Explicitly configure spring.jpa.open-in-view to disable this warning
2022-03-10 14:55:50.684  INFO 141912 --- [restartedMain] o.s.b.d.a.OptionalLiveReloadServer       : LiveReload server is running on port 35729
2022-03-10 14:55:50.746  INFO 141912 --- [restartedMain] o.s.b.w.embedded.tomcat.TomcatWebServer  : Tomcat started on port(s): 8080 (http) with context path ''
2022-03-10 14:55:50.761  INFO 141912 --- [restartedMain] i.be.progettocsv.ProgettoCsvApplication  : Started ProgettoCsvApplication in 5.961 seconds (JVM running for 9.038)
2022-03-10 14:56:31.193  INFO 141912 --- [Thread-5] j.LocalContainerEntityManagerFactoryBean : Closing JPA EntityManagerFactory for persistence unit 'default'
2022-03-10 14:56:31.406  INFO 141912 --- [Thread-5] com.zaxxer.hikari.HikariDataSource       : HikariPool-1 - Shutdown initiated...
2022-03-10 14:56:31.501  INFO 141912 --- [Thread-5] com.zaxxer.hikari.HikariDataSource       : HikariPool-1 - Shutdown completed.
2022-03-10 14:56:32.209  INFO 141912 --- [restartedMain] i.be.progettocsv.ProgettoCsvApplication  : Starting ProgettoCsvApplication using Java 11.0.13 on LAPTOP-KFKGCED5 with PID 141912 (C:\Users\Lenovo\eclipse-workspace\ProgettoCsv\target\classes started by Lenovo in C:\Users\Lenovo\eclipse-workspace\ProgettoCsv)
2022-03-10 14:56:32.209  INFO 141912 --- [restartedMain] i.be.progettocsv.ProgettoCsvApplication  : No active profile set, falling back to 1 default profile: "default"
2022-03-10 14:56:32.644  INFO 141912 --- [restartedMain] .s.d.r.c.RepositoryConfigurationDelegate : Bootstrapping Spring Data JPA repositories in DEFAULT mode.
2022-03-10 14:56:32.646  INFO 141912 --- [restartedMain] .s.d.r.c.RepositoryConfigurationDelegate : Finished Spring Data repository scanning in 2 ms. Found 0 JPA repository interfaces.
2022-03-10 14:56:32.835  INFO 141912 --- [restartedMain] o.s.b.w.embedded.tomcat.TomcatWebServer  : Tomcat initialized with port(s): 8080 (http)
2022-03-10 14:56:32.838  INFO 141912 --- [restartedMain] o.apache.catalina.core.StandardService   : Starting service [Tomcat]
2022-03-10 14:56:32.838  INFO 141912 --- [restartedMain] org.apache.catalina.core.StandardEngine  : Starting Servlet engine: [Apache Tomcat/9.0.58]
2022-03-10 14:56:32.879  INFO 141912 --- [restartedMain] o.a.c.c.C.[Tomcat].[localhost].[/]       : Initializing Spring embedded WebApplicationContext
2022-03-10 14:56:32.879  INFO 141912 --- [restartedMain] w.s.c.ServletWebServerApplicationContext : Root WebApplicationContext: initialization completed in 665 ms
2022-03-10 14:56:32.939  INFO 141912 --- [restartedMain] o.hibernate.jpa.internal.util.LogHelper  : HHH000204: Processing PersistenceUnitInfo [name: default]
2022-03-10 14:56:32.952  INFO 141912 --- [restartedMain] com.zaxxer.hikari.HikariDataSource       : HikariPool-2 - Starting...
2022-03-10 14:56:33.106  INFO 141912 --- [restartedMain] com.zaxxer.hikari.HikariDataSource       : HikariPool-2 - Start completed.
2022-03-10 14:56:33.109  INFO 141912 --- [restartedMain] org.hibernate.dialect.Dialect            : HHH000400: Using dialect: org.hibernate.dialect.PostgreSQL10Dialect
2022-03-10 14:56:33.162  INFO 141912 --- [restartedMain] o.h.e.t.j.p.i.JtaPlatformInitiator       : HHH000490: Using JtaPlatform implementation: [org.hibernate.engine.transaction.jta.platform.internal.NoJtaPlatform]
2022-03-10 14:56:33.163  INFO 141912 --- [restartedMain] j.LocalContainerEntityManagerFactoryBean : Initialized JPA EntityManagerFactory for persistence unit 'default'
2022-03-10 14:56:33.251  WARN 141912 --- [restartedMain] JpaBaseConfiguration$JpaWebConfiguration : spring.jpa.open-in-view is enabled by default. Therefore, database queries may be performed during view rendering. Explicitly configure spring.jpa.open-in-view to disable this warning
2022-03-10 14:56:33.428  INFO 141912 --- [restartedMain] o.s.b.d.a.OptionalLiveReloadServer       : LiveReload server is running on port 35729
2022-03-10 14:56:33.443  INFO 141912 --- [restartedMain] o.s.b.w.embedded.tomcat.TomcatWebServer  : Tomcat started on port(s): 8080 (http) with context path ''
2022-03-10 14:56:33.449  INFO 141912 --- [restartedMain] i.be.progettocsv.ProgettoCsvApplication  : Started ProgettoCsvApplication in 1.331 seconds (JVM running for 51.727)
2022-03-10 15:01:00.635  INFO 141912 --- [Thread-7] j.LocalContainerEntityManagerFactoryBean : Closing JPA EntityManagerFactory for persistence unit 'default'
2022-03-10 15:01:00.702  INFO 141912 --- [Thread-7] com.zaxxer.hikari.HikariDataSource       : HikariPool-2 - Shutdown initiated...
2022-03-10 15:01:00.740  INFO 141912 --- [Thread-7] com.zaxxer.hikari.HikariDataSource       : HikariPool-2 - Shutdown completed.
2022-03-10 15:01:01.576  INFO 141912 --- [restartedMain] i.be.progettocsv.ProgettoCsvApplication  : Starting ProgettoCsvApplication using Java 11.0.13 on LAPTOP-KFKGCED5 with PID 141912 (C:\Users\Lenovo\eclipse-workspace\ProgettoCsv\target\classes started by Lenovo in C:\Users\Lenovo\eclipse-workspace\ProgettoCsv)
2022-03-10 15:01:01.576  INFO 141912 --- [restartedMain] i.be.progettocsv.ProgettoCsvApplication  : No active profile set, falling back to 1 default profile: "default"
2022-03-10 15:01:02.725  INFO 141912 --- [restartedMain] .s.d.r.c.RepositoryConfigurationDelegate : Bootstrapping Spring Data JPA repositories in DEFAULT mode.
2022-03-10 15:01:02.731  INFO 141912 --- [restartedMain] .s.d.r.c.RepositoryConfigurationDelegate : Finished Spring Data repository scanning in 4 ms. Found 0 JPA repository interfaces.
2022-03-10 15:01:02.970  INFO 141912 --- [restartedMain] o.s.b.w.embedded.tomcat.TomcatWebServer  : Tomcat initialized with port(s): 8080 (http)
2022-03-10 15:01:02.972  INFO 141912 --- [restartedMain] o.apache.catalina.core.StandardService   : Starting service [Tomcat]
2022-03-10 15:01:02.972  INFO 141912 --- [restartedMain] org.apache.catalina.core.StandardEngine  : Starting Servlet engine: [Apache Tomcat/9.0.58]
2022-03-10 15:01:03.001  INFO 141912 --- [restartedMain] o.a.c.c.C.[Tomcat].[localhost].[/]       : Initializing Spring embedded WebApplicationContext
2022-03-10 15:01:03.001  INFO 141912 --- [restartedMain] w.s.c.ServletWebServerApplicationContext : Root WebApplicationContext: initialization completed in 1407 ms
2022-03-10 15:01:03.045  INFO 141912 --- [restartedMain] o.hibernate.jpa.internal.util.LogHelper  : HHH000204: Processing PersistenceUnitInfo [name: default]
2022-03-10 15:01:03.054  INFO 141912 --- [restartedMain] com.zaxxer.hikari.HikariDataSource       : HikariPool-3 - Starting...
2022-03-10 15:01:03.207  INFO 141912 --- [restartedMain] com.zaxxer.hikari.HikariDataSource       : HikariPool-3 - Start completed.
2022-03-10 15:01:03.208  INFO 141912 --- [restartedMain] org.hibernate.dialect.Dialect            : HHH000400: Using dialect: org.hibernate.dialect.PostgreSQL10Dialect
2022-03-10 15:01:03.274  INFO 141912 --- [restartedMain] o.h.e.t.j.p.i.JtaPlatformInitiator       : HHH000490: Using JtaPlatform implementation: [org.hibernate.engine.transaction.jta.platform.internal.NoJtaPlatform]
2022-03-10 15:01:03.274  INFO 141912 --- [restartedMain] j.LocalContainerEntityManagerFactoryBean : Initialized JPA EntityManagerFactory for persistence unit 'default'
2022-03-10 15:01:03.318  WARN 141912 --- [restartedMain] JpaBaseConfiguration$JpaWebConfiguration : spring.jpa.open-in-view is enabled by default. Therefore, database queries may be performed during view rendering. Explicitly configure spring.jpa.open-in-view to disable this warning
2022-03-10 15:01:03.475  INFO 141912 --- [restartedMain] o.s.b.d.a.OptionalLiveReloadServer       : LiveReload server is running on port 35729
2022-03-10 15:01:03.498  INFO 141912 --- [restartedMain] o.s.b.w.embedded.tomcat.TomcatWebServer  : Tomcat started on port(s): 8080 (http) with context path ''
2022-03-10 15:01:03.512  INFO 141912 --- [restartedMain] i.be.progettocsv.ProgettoCsvApplication  : Started ProgettoCsvApplication in 2.071 seconds (JVM running for 321.789)
2022-03-10 15:02:31.995  INFO 141912 --- [Thread-11] j.LocalContainerEntityManagerFactoryBean : Closing JPA EntityManagerFactory for persistence unit 'default'
2022-03-10 15:02:32.046  INFO 141912 --- [Thread-11] com.zaxxer.hikari.HikariDataSource       : HikariPool-3 - Shutdown initiated...
2022-03-10 15:02:32.082  INFO 141912 --- [Thread-11] com.zaxxer.hikari.HikariDataSource       : HikariPool-3 - Shutdown completed.
2022-03-10 15:02:32.649  INFO 141912 --- [restartedMain] i.be.progettocsv.ProgettoCsvApplication  : Starting ProgettoCsvApplication using Java 11.0.13 on LAPTOP-KFKGCED5 with PID 141912 (C:\Users\Lenovo\eclipse-workspace\ProgettoCsv\target\classes started by Lenovo in C:\Users\Lenovo\eclipse-workspace\ProgettoCsv)
2022-03-10 15:02:32.650  INFO 141912 --- [restartedMain] i.be.progettocsv.ProgettoCsvApplication  : No active profile set, falling back to 1 default profile: "default"
2022-03-10 15:02:34.602  INFO 141912 --- [restartedMain] .s.d.r.c.RepositoryConfigurationDelegate : Bootstrapping Spring Data JPA repositories in DEFAULT mode.
2022-03-10 15:02:34.607  INFO 141912 --- [restartedMain] .s.d.r.c.RepositoryConfigurationDelegate : Finished Spring Data repository scanning in 2 ms. Found 0 JPA repository interfaces.
2022-03-10 15:02:34.771  INFO 141912 --- [restartedMain] o.s.b.w.embedded.tomcat.TomcatWebServer  : Tomcat initialized with port(s): 8080 (http)
2022-03-10 15:02:34.773  INFO 141912 --- [restartedMain] o.apache.catalina.core.StandardService   : Starting service [Tomcat]
2022-03-10 15:02:34.774  INFO 141912 --- [restartedMain] org.apache.catalina.core.StandardEngine  : Starting Servlet engine: [Apache Tomcat/9.0.58]
2022-03-10 15:02:34.796  INFO 141912 --- [restartedMain] o.a.c.c.C.[Tomcat].[localhost].[/]       : Initializing Spring embedded WebApplicationContext
2022-03-10 15:02:34.796  INFO 141912 --- [restartedMain] w.s.c.ServletWebServerApplicationContext : Root WebApplicationContext: initialization completed in 2136 ms
2022-03-10 15:02:34.838  INFO 141912 --- [restartedMain] o.hibernate.jpa.internal.util.LogHelper  : HHH000204: Processing PersistenceUnitInfo [name: default]
2022-03-10 15:02:34.847  INFO 141912 --- [restartedMain] com.zaxxer.hikari.HikariDataSource       : HikariPool-4 - Starting...
2022-03-10 15:02:34.948  INFO 141912 --- [restartedMain] com.zaxxer.hikari.HikariDataSource       : HikariPool-4 - Start completed.
2022-03-10 15:02:34.950  INFO 141912 --- [restartedMain] org.hibernate.dialect.Dialect            : HHH000400: Using dialect: org.hibernate.dialect.PostgreSQL10Dialect
2022-03-10 15:02:35.847  INFO 141912 --- [restartedMain] o.h.e.t.j.p.i.JtaPlatformInitiator       : HHH000490: Using JtaPlatform implementation: [org.hibernate.engine.transaction.jta.platform.internal.NoJtaPlatform]
2022-03-10 15:02:35.848  INFO 141912 --- [restartedMain] j.LocalContainerEntityManagerFactoryBean : Initialized JPA EntityManagerFactory for persistence unit 'default'
2022-03-10 15:02:35.893  WARN 141912 --- [restartedMain] JpaBaseConfiguration$JpaWebConfiguration : spring.jpa.open-in-view is enabled by default. Therefore, database queries may be performed during view rendering. Explicitly configure spring.jpa.open-in-view to disable this warning
2022-03-10 15:02:35.995  INFO 141912 --- [restartedMain] o.s.b.d.a.OptionalLiveReloadServer       : LiveReload server is running on port 35729
2022-03-10 15:02:36.009  INFO 141912 --- [restartedMain] o.s.b.w.embedded.tomcat.TomcatWebServer  : Tomcat started on port(s): 8080 (http) with context path ''
2022-03-10 15:02:36.015  INFO 141912 --- [restartedMain] i.be.progettocsv.ProgettoCsvApplication  : Started ProgettoCsvApplication in 3.457 seconds (JVM running for 414.293)
2022-03-10 15:03:05.091  INFO 141912 --- [Thread-15] j.LocalContainerEntityManagerFactoryBean : Closing JPA EntityManagerFactory for persistence unit 'default'
2022-03-10 15:03:05.102  INFO 141912 --- [Thread-15] com.zaxxer.hikari.HikariDataSource       : HikariPool-4 - Shutdown initiated...
2022-03-10 15:03:05.119  INFO 141912 --- [Thread-15] com.zaxxer.hikari.HikariDataSource       : HikariPool-4 - Shutdown completed.
2022-03-10 15:03:05.433  INFO 141912 --- [restartedMain] i.be.progettocsv.ProgettoCsvApplication  : Starting ProgettoCsvApplication using Java 11.0.13 on LAPTOP-KFKGCED5 with PID 141912 (C:\Users\Lenovo\eclipse-workspace\ProgettoCsv\target\classes started by Lenovo in C:\Users\Lenovo\eclipse-workspace\ProgettoCsv)
2022-03-10 15:03:05.436  INFO 141912 --- [restartedMain] i.be.progettocsv.ProgettoCsvApplication  : No active profile set, falling back to 1 default profile: "default"
2022-03-10 15:03:05.940  INFO 141912 --- [restartedMain] .s.d.r.c.RepositoryConfigurationDelegate : Bootstrapping Spring Data JPA repositories in DEFAULT mode.
2022-03-10 15:03:05.947  INFO 141912 --- [restartedMain] .s.d.r.c.RepositoryConfigurationDelegate : Finished Spring Data repository scanning in 6 ms. Found 0 JPA repository interfaces.
2022-03-10 15:03:06.181  INFO 141912 --- [restartedMain] o.s.b.w.embedded.tomcat.TomcatWebServer  : Tomcat initialized with port(s): 8080 (http)
2022-03-10 15:03:06.182  INFO 141912 --- [restartedMain] o.apache.catalina.core.StandardService   : Starting service [Tomcat]
2022-03-10 15:03:06.182  INFO 141912 --- [restartedMain] org.apache.catalina.core.StandardEngine  : Starting Servlet engine: [Apache Tomcat/9.0.58]
2022-03-10 15:03:06.219  INFO 141912 --- [restartedMain] o.a.c.c.C.[Tomcat].[localhost].[/]       : Initializing Spring embedded WebApplicationContext
2022-03-10 15:03:06.219  INFO 141912 --- [restartedMain] w.s.c.ServletWebServerApplicationContext : Root WebApplicationContext: initialization completed in 771 ms
2022-03-10 15:03:06.275  INFO 141912 --- [restartedMain] o.hibernate.jpa.internal.util.LogHelper  : HHH000204: Processing PersistenceUnitInfo [name: default]
2022-03-10 15:03:06.291  INFO 141912 --- [restartedMain] com.zaxxer.hikari.HikariDataSource       : HikariPool-5 - Starting...
2022-03-10 15:03:06.501  INFO 141912 --- [restartedMain] com.zaxxer.hikari.HikariDataSource       : HikariPool-5 - Start completed.
2022-03-10 15:03:06.503  INFO 141912 --- [restartedMain] org.hibernate.dialect.Dialect            : HHH000400: Using dialect: org.hibernate.dialect.PostgreSQL10Dialect
2022-03-10 15:03:06.640  INFO 141912 --- [restartedMain] o.h.e.t.j.p.i.JtaPlatformInitiator       : HHH000490: Using JtaPlatform implementation: [org.hibernate.engine.transaction.jta.platform.internal.NoJtaPlatform]
2022-03-10 15:03:06.641  INFO 141912 --- [restartedMain] j.LocalContainerEntityManagerFactoryBean : Initialized JPA EntityManagerFactory for persistence unit 'default'
2022-03-10 15:03:06.704  WARN 141912 --- [restartedMain] JpaBaseConfiguration$JpaWebConfiguration : spring.jpa.open-in-view is enabled by default. Therefore, database queries may be performed during view rendering. Explicitly configure spring.jpa.open-in-view to disable this warning
2022-03-10 15:03:06.921  INFO 141912 --- [restartedMain] o.s.b.d.a.OptionalLiveReloadServer       : LiveReload server is running on port 35729
2022-03-10 15:03:06.942  INFO 141912 --- [restartedMain] o.s.b.w.embedded.tomcat.TomcatWebServer  : Tomcat started on port(s): 8080 (http) with context path ''
2022-03-10 15:03:06.948  INFO 141912 --- [restartedMain] i.be.progettocsv.ProgettoCsvApplication  : Started ProgettoCsvApplication in 1.611 seconds (JVM running for 445.226)
2022-03-10 15:08:16.577  INFO 174132 --- [restartedMain] i.be.progettocsv.ProgettoCsvApplication  : Starting ProgettoCsvApplication using Java 11.0.13 on LAPTOP-KFKGCED5 with PID 174132 (C:\Users\Lenovo\eclipse-workspace\ProgettoCsv\target\classes started by Lenovo in C:\Users\Lenovo\eclipse-workspace\ProgettoCsv)
2022-03-10 15:08:16.579  INFO 174132 --- [restartedMain] i.be.progettocsv.ProgettoCsvApplication  : No active profile set, falling back to 1 default profile: "default"
2022-03-10 15:08:16.645  INFO 174132 --- [restartedMain] .e.DevToolsPropertyDefaultsPostProcessor : Devtools property defaults active! Set 'spring.devtools.add-properties' to 'false' to disable
2022-03-10 15:08:16.645  INFO 174132 --- [restartedMain] .e.DevToolsPropertyDefaultsPostProcessor : For additional web related logging consider setting the 'logging.level.web' property to 'DEBUG'
2022-03-10 15:08:17.565  INFO 174132 --- [restartedMain] .s.d.r.c.RepositoryConfigurationDelegate : Bootstrapping Spring Data JPA repositories in DEFAULT mode.
2022-03-10 15:08:17.591  INFO 174132 --- [restartedMain] .s.d.r.c.RepositoryConfigurationDelegate : Finished Spring Data repository scanning in 8 ms. Found 0 JPA repository interfaces.
2022-03-10 15:08:18.341  INFO 174132 --- [restartedMain] o.s.b.w.embedded.tomcat.TomcatWebServer  : Tomcat initialized with port(s): 8080 (http)
2022-03-10 15:08:18.356  INFO 174132 --- [restartedMain] o.apache.catalina.core.StandardService   : Starting service [Tomcat]
2022-03-10 15:08:18.356  INFO 174132 --- [restartedMain] org.apache.catalina.core.StandardEngine  : Starting Servlet engine: [Apache Tomcat/9.0.58]
2022-03-10 15:08:18.492  INFO 174132 --- [restartedMain] o.a.c.c.C.[Tomcat].[localhost].[/]       : Initializing Spring embedded WebApplicationContext
2022-03-10 15:08:18.492  INFO 174132 --- [restartedMain] w.s.c.ServletWebServerApplicationContext : Root WebApplicationContext: initialization completed in 1846 ms
2022-03-10 15:08:18.752  INFO 174132 --- [restartedMain] o.hibernate.jpa.internal.util.LogHelper  : HHH000204: Processing PersistenceUnitInfo [name: default]
2022-03-10 15:08:18.840  INFO 174132 --- [restartedMain] org.hibernate.Version                    : HHH000412: Hibernate ORM core version 5.6.5.Final
2022-03-10 15:08:19.162  INFO 174132 --- [restartedMain] o.hibernate.annotations.common.Version   : HCANN000001: Hibernate Commons Annotations {5.1.2.Final}
2022-03-10 15:08:19.318  INFO 174132 --- [restartedMain] com.zaxxer.hikari.HikariDataSource       : HikariPool-1 - Starting...
2022-03-10 15:08:20.677  INFO 174132 --- [restartedMain] com.zaxxer.hikari.HikariDataSource       : HikariPool-1 - Start completed.
2022-03-10 15:08:20.738  INFO 174132 --- [restartedMain] org.hibernate.dialect.Dialect            : HHH000400: Using dialect: org.hibernate.dialect.PostgreSQL10Dialect
2022-03-10 15:08:22.282  INFO 174132 --- [restartedMain] o.h.e.t.j.p.i.JtaPlatformInitiator       : HHH000490: Using JtaPlatform implementation: [org.hibernate.engine.transaction.jta.platform.internal.NoJtaPlatform]
2022-03-10 15:08:22.301  INFO 174132 --- [restartedMain] j.LocalContainerEntityManagerFactoryBean : Initialized JPA EntityManagerFactory for persistence unit 'default'
2022-03-10 15:08:22.319  WARN 174132 --- [restartedMain] ConfigServletWebServerApplicationContext : Exception encountered during context initialization - cancelling refresh attempt: org.springframework.beans.factory.UnsatisfiedDependencyException: Error creating bean with name 'dataLoad': Unsatisfied dependency expressed through field 'bookrepository'; nested exception is org.springframework.beans.factory.NoSuchBeanDefinitionException: No qualifying bean of type 'it.be.progettocsv.repository.BookRepository' available: expected at least 1 bean which qualifies as autowire candidate. Dependency annotations: {@org.springframework.beans.factory.annotation.Autowired(required=true)}
2022-03-10 15:08:22.319  INFO 174132 --- [restartedMain] j.LocalContainerEntityManagerFactoryBean : Closing JPA EntityManagerFactory for persistence unit 'default'
2022-03-10 15:08:22.328  INFO 174132 --- [restartedMain] com.zaxxer.hikari.HikariDataSource       : HikariPool-1 - Shutdown initiated...
2022-03-10 15:08:22.338  INFO 174132 --- [restartedMain] com.zaxxer.hikari.HikariDataSource       : HikariPool-1 - Shutdown completed.
2022-03-10 15:08:22.342  INFO 174132 --- [restartedMain] o.apache.catalina.core.StandardService   : Stopping service [Tomcat]
2022-03-10 15:08:22.378  INFO 174132 --- [restartedMain] ConditionEvaluationReportLoggingListener : 

Error starting ApplicationContext. To display the conditions report re-run your application with 'debug' enabled.
2022-03-10 15:08:22.449 ERROR 174132 --- [restartedMain] o.s.b.d.LoggingFailureAnalysisReporter   : 

***************************
APPLICATION FAILED TO START
***************************

Description:

Field bookrepository in it.be.progettocsv.util.DataLoad required a bean of type 'it.be.progettocsv.repository.BookRepository' that could not be found.

The injection point has the following annotations:
	- @org.springframework.beans.factory.annotation.Autowired(required=true)


Action:

Consider defining a bean of type 'it.be.progettocsv.repository.BookRepository' in your configuration.

2022-03-10 15:08:33.560  INFO 176056 --- [restartedMain] i.be.progettocsv.ProgettoCsvApplication  : Starting ProgettoCsvApplication using Java 11.0.13 on LAPTOP-KFKGCED5 with PID 176056 (C:\Users\Lenovo\eclipse-workspace\ProgettoCsv\target\classes started by Lenovo in C:\Users\Lenovo\eclipse-workspace\ProgettoCsv)
2022-03-10 15:08:33.563  INFO 176056 --- [restartedMain] i.be.progettocsv.ProgettoCsvApplication  : No active profile set, falling back to 1 default profile: "default"
2022-03-10 15:08:33.641  INFO 176056 --- [restartedMain] .e.DevToolsPropertyDefaultsPostProcessor : Devtools property defaults active! Set 'spring.devtools.add-properties' to 'false' to disable
2022-03-10 15:08:33.642  INFO 176056 --- [restartedMain] .e.DevToolsPropertyDefaultsPostProcessor : For additional web related logging consider setting the 'logging.level.web' property to 'DEBUG'
2022-03-10 15:08:35.010  INFO 176056 --- [restartedMain] .s.d.r.c.RepositoryConfigurationDelegate : Bootstrapping Spring Data JPA repositories in DEFAULT mode.
2022-03-10 15:08:35.034  INFO 176056 --- [restartedMain] .s.d.r.c.RepositoryConfigurationDelegate : Finished Spring Data repository scanning in 12 ms. Found 0 JPA repository interfaces.
2022-03-10 15:08:35.872  INFO 176056 --- [restartedMain] o.s.b.w.embedded.tomcat.TomcatWebServer  : Tomcat initialized with port(s): 8080 (http)
2022-03-10 15:08:35.887  INFO 176056 --- [restartedMain] o.apache.catalina.core.StandardService   : Starting service [Tomcat]
2022-03-10 15:08:35.888  INFO 176056 --- [restartedMain] org.apache.catalina.core.StandardEngine  : Starting Servlet engine: [Apache Tomcat/9.0.58]
2022-03-10 15:08:36.035  INFO 176056 --- [restartedMain] o.a.c.c.C.[Tomcat].[localhost].[/]       : Initializing Spring embedded WebApplicationContext
2022-03-10 15:08:36.037  INFO 176056 --- [restartedMain] w.s.c.ServletWebServerApplicationContext : Root WebApplicationContext: initialization completed in 2394 ms
2022-03-10 15:08:36.298  INFO 176056 --- [restartedMain] o.hibernate.jpa.internal.util.LogHelper  : HHH000204: Processing PersistenceUnitInfo [name: default]
2022-03-10 15:08:36.379  INFO 176056 --- [restartedMain] org.hibernate.Version                    : HHH000412: Hibernate ORM core version 5.6.5.Final
2022-03-10 15:08:36.597  INFO 176056 --- [restartedMain] o.hibernate.annotations.common.Version   : HCANN000001: Hibernate Commons Annotations {5.1.2.Final}
2022-03-10 15:08:36.726  INFO 176056 --- [restartedMain] com.zaxxer.hikari.HikariDataSource       : HikariPool-1 - Starting...
2022-03-10 15:08:37.183  INFO 176056 --- [restartedMain] com.zaxxer.hikari.HikariDataSource       : HikariPool-1 - Start completed.
2022-03-10 15:08:37.252  INFO 176056 --- [restartedMain] org.hibernate.dialect.Dialect            : HHH000400: Using dialect: org.hibernate.dialect.PostgreSQL10Dialect
2022-03-10 15:08:38.735  INFO 176056 --- [restartedMain] o.h.e.t.j.p.i.JtaPlatformInitiator       : HHH000490: Using JtaPlatform implementation: [org.hibernate.engine.transaction.jta.platform.internal.NoJtaPlatform]
2022-03-10 15:08:38.754  INFO 176056 --- [restartedMain] j.LocalContainerEntityManagerFactoryBean : Initialized JPA EntityManagerFactory for persistence unit 'default'
2022-03-10 15:08:38.770  WARN 176056 --- [restartedMain] ConfigServletWebServerApplicationContext : Exception encountered during context initialization - cancelling refresh attempt: org.springframework.beans.factory.UnsatisfiedDependencyException: Error creating bean with name 'dataLoad': Unsatisfied dependency expressed through field 'bookrepository'; nested exception is org.springframework.beans.factory.NoSuchBeanDefinitionException: No qualifying bean of type 'it.be.progettocsv.repository.BookRepository' available: expected at least 1 bean which qualifies as autowire candidate. Dependency annotations: {@org.springframework.beans.factory.annotation.Autowired(required=true)}
2022-03-10 15:08:38.770  INFO 176056 --- [restartedMain] j.LocalContainerEntityManagerFactoryBean : Closing JPA EntityManagerFactory for persistence unit 'default'
2022-03-10 15:08:38.778  INFO 176056 --- [restartedMain] com.zaxxer.hikari.HikariDataSource       : HikariPool-1 - Shutdown initiated...
2022-03-10 15:08:38.787  INFO 176056 --- [restartedMain] com.zaxxer.hikari.HikariDataSource       : HikariPool-1 - Shutdown completed.
2022-03-10 15:08:38.791  INFO 176056 --- [restartedMain] o.apache.catalina.core.StandardService   : Stopping service [Tomcat]
2022-03-10 15:08:38.818  INFO 176056 --- [restartedMain] ConditionEvaluationReportLoggingListener : 

Error starting ApplicationContext. To display the conditions report re-run your application with 'debug' enabled.
2022-03-10 15:08:38.861 ERROR 176056 --- [restartedMain] o.s.b.d.LoggingFailureAnalysisReporter   : 

***************************
APPLICATION FAILED TO START
***************************

Description:

Field bookrepository in it.be.progettocsv.util.DataLoad required a bean of type 'it.be.progettocsv.repository.BookRepository' that could not be found.

The injection point has the following annotations:
	- @org.springframework.beans.factory.annotation.Autowired(required=true)


Action:

Consider defining a bean of type 'it.be.progettocsv.repository.BookRepository' in your configuration.

2022-03-10 15:09:08.994  INFO 172664 --- [restartedMain] i.be.progettocsv.ProgettoCsvApplication  : Starting ProgettoCsvApplication using Java 11.0.13 on LAPTOP-KFKGCED5 with PID 172664 (C:\Users\Lenovo\eclipse-workspace\ProgettoCsv\target\classes started by Lenovo in C:\Users\Lenovo\eclipse-workspace\ProgettoCsv)
2022-03-10 15:09:08.995  INFO 172664 --- [restartedMain] i.be.progettocsv.ProgettoCsvApplication  : No active profile set, falling back to 1 default profile: "default"
2022-03-10 15:09:09.111  INFO 172664 --- [restartedMain] .e.DevToolsPropertyDefaultsPostProcessor : Devtools property defaults active! Set 'spring.devtools.add-properties' to 'false' to disable
2022-03-10 15:09:09.111  INFO 172664 --- [restartedMain] .e.DevToolsPropertyDefaultsPostProcessor : For additional web related logging consider setting the 'logging.level.web' property to 'DEBUG'
2022-03-10 15:09:10.078  INFO 172664 --- [restartedMain] .s.d.r.c.RepositoryConfigurationDelegate : Bootstrapping Spring Data JPA repositories in DEFAULT mode.
2022-03-10 15:09:10.150  INFO 172664 --- [restartedMain] .s.d.r.c.RepositoryConfigurationDelegate : Finished Spring Data repository scanning in 59 ms. Found 1 JPA repository interfaces.
2022-03-10 15:09:12.093  INFO 172664 --- [restartedMain] o.s.b.w.embedded.tomcat.TomcatWebServer  : Tomcat initialized with port(s): 8080 (http)
2022-03-10 15:09:12.123  INFO 172664 --- [restartedMain] o.apache.catalina.core.StandardService   : Starting service [Tomcat]
2022-03-10 15:09:12.124  INFO 172664 --- [restartedMain] org.apache.catalina.core.StandardEngine  : Starting Servlet engine: [Apache Tomcat/9.0.58]
2022-03-10 15:09:12.270  INFO 172664 --- [restartedMain] o.a.c.c.C.[Tomcat].[localhost].[/]       : Initializing Spring embedded WebApplicationContext
2022-03-10 15:09:12.270  INFO 172664 --- [restartedMain] w.s.c.ServletWebServerApplicationContext : Root WebApplicationContext: initialization completed in 3158 ms
2022-03-10 15:09:12.529  INFO 172664 --- [restartedMain] o.hibernate.jpa.internal.util.LogHelper  : HHH000204: Processing PersistenceUnitInfo [name: default]
2022-03-10 15:09:12.613  INFO 172664 --- [restartedMain] org.hibernate.Version                    : HHH000412: Hibernate ORM core version 5.6.5.Final
2022-03-10 15:09:12.861  INFO 172664 --- [restartedMain] o.hibernate.annotations.common.Version   : HCANN000001: Hibernate Commons Annotations {5.1.2.Final}
2022-03-10 15:09:13.034  INFO 172664 --- [restartedMain] com.zaxxer.hikari.HikariDataSource       : HikariPool-1 - Starting...
2022-03-10 15:09:13.538  INFO 172664 --- [restartedMain] com.zaxxer.hikari.HikariDataSource       : HikariPool-1 - Start completed.
2022-03-10 15:09:13.617  INFO 172664 --- [restartedMain] org.hibernate.dialect.Dialect            : HHH000400: Using dialect: org.hibernate.dialect.PostgreSQL10Dialect
2022-03-10 15:09:14.938  INFO 172664 --- [restartedMain] o.h.e.t.j.p.i.JtaPlatformInitiator       : HHH000490: Using JtaPlatform implementation: [org.hibernate.engine.transaction.jta.platform.internal.NoJtaPlatform]
2022-03-10 15:09:14.958  INFO 172664 --- [restartedMain] j.LocalContainerEntityManagerFactoryBean : Initialized JPA EntityManagerFactory for persistence unit 'default'
2022-03-10 15:09:15.613  WARN 172664 --- [restartedMain] JpaBaseConfiguration$JpaWebConfiguration : spring.jpa.open-in-view is enabled by default. Therefore, database queries may be performed during view rendering. Explicitly configure spring.jpa.open-in-view to disable this warning
2022-03-10 15:09:16.171  INFO 172664 --- [restartedMain] o.s.b.d.a.OptionalLiveReloadServer       : LiveReload server is running on port 35729
2022-03-10 15:09:16.234  INFO 172664 --- [restartedMain] o.s.b.w.embedded.tomcat.TomcatWebServer  : Tomcat started on port(s): 8080 (http) with context path ''
2022-03-10 15:09:16.252  INFO 172664 --- [restartedMain] i.be.progettocsv.ProgettoCsvApplication  : Started ProgettoCsvApplication in 8.272 seconds (JVM running for 9.803)
2022-03-10 15:12:31.372  INFO 123748 --- [restartedMain] i.be.progettocsv.ProgettoCsvApplication  : Starting ProgettoCsvApplication using Java 11.0.13 on LAPTOP-KFKGCED5 with PID 123748 (C:\Users\Lenovo\eclipse-workspace\ProgettoCsv\target\classes started by Lenovo in C:\Users\Lenovo\eclipse-workspace\ProgettoCsv)
2022-03-10 15:12:31.375  INFO 123748 --- [restartedMain] i.be.progettocsv.ProgettoCsvApplication  : No active profile set, falling back to 1 default profile: "default"
2022-03-10 15:12:31.525  INFO 123748 --- [restartedMain] .e.DevToolsPropertyDefaultsPostProcessor : Devtools property defaults active! Set 'spring.devtools.add-properties' to 'false' to disable
2022-03-10 15:12:31.526  INFO 123748 --- [restartedMain] .e.DevToolsPropertyDefaultsPostProcessor : For additional web related logging consider setting the 'logging.level.web' property to 'DEBUG'
2022-03-10 15:12:32.636  INFO 123748 --- [restartedMain] .s.d.r.c.RepositoryConfigurationDelegate : Bootstrapping Spring Data JPA repositories in DEFAULT mode.
2022-03-10 15:12:32.716  INFO 123748 --- [restartedMain] .s.d.r.c.RepositoryConfigurationDelegate : Finished Spring Data repository scanning in 63 ms. Found 1 JPA repository interfaces.
2022-03-10 15:12:33.635  INFO 123748 --- [restartedMain] o.s.b.w.embedded.tomcat.TomcatWebServer  : Tomcat initialized with port(s): 8080 (http)
2022-03-10 15:12:33.652  INFO 123748 --- [restartedMain] o.apache.catalina.core.StandardService   : Starting service [Tomcat]
2022-03-10 15:12:33.652  INFO 123748 --- [restartedMain] org.apache.catalina.core.StandardEngine  : Starting Servlet engine: [Apache Tomcat/9.0.58]
2022-03-10 15:12:33.778  INFO 123748 --- [restartedMain] o.a.c.c.C.[Tomcat].[localhost].[/]       : Initializing Spring embedded WebApplicationContext
2022-03-10 15:12:33.779  INFO 123748 --- [restartedMain] w.s.c.ServletWebServerApplicationContext : Root WebApplicationContext: initialization completed in 2251 ms
2022-03-10 15:12:34.114  INFO 123748 --- [restartedMain] o.hibernate.jpa.internal.util.LogHelper  : HHH000204: Processing PersistenceUnitInfo [name: default]
2022-03-10 15:12:34.221  INFO 123748 --- [restartedMain] org.hibernate.Version                    : HHH000412: Hibernate ORM core version 5.6.5.Final
2022-03-10 15:12:34.540  INFO 123748 --- [restartedMain] o.hibernate.annotations.common.Version   : HCANN000001: Hibernate Commons Annotations {5.1.2.Final}
2022-03-10 15:12:34.739  INFO 123748 --- [restartedMain] com.zaxxer.hikari.HikariDataSource       : HikariPool-1 - Starting...
2022-03-10 15:12:35.077  INFO 123748 --- [restartedMain] com.zaxxer.hikari.HikariDataSource       : HikariPool-1 - Start completed.
2022-03-10 15:12:35.140  INFO 123748 --- [restartedMain] org.hibernate.dialect.Dialect            : HHH000400: Using dialect: org.hibernate.dialect.PostgreSQL10Dialect
2022-03-10 15:12:36.659  INFO 123748 --- [restartedMain] o.h.e.t.j.p.i.JtaPlatformInitiator       : HHH000490: Using JtaPlatform implementation: [org.hibernate.engine.transaction.jta.platform.internal.NoJtaPlatform]
2022-03-10 15:12:36.682  INFO 123748 --- [restartedMain] j.LocalContainerEntityManagerFactoryBean : Initialized JPA EntityManagerFactory for persistence unit 'default'
2022-03-10 15:12:38.787  WARN 123748 --- [restartedMain] JpaBaseConfiguration$JpaWebConfiguration : spring.jpa.open-in-view is enabled by default. Therefore, database queries may be performed during view rendering. Explicitly configure spring.jpa.open-in-view to disable this warning
2022-03-10 15:12:39.261  WARN 123748 --- [restartedMain] o.s.b.d.a.OptionalLiveReloadServer       : Unable to start LiveReload server
2022-03-10 15:12:39.296  WARN 123748 --- [restartedMain] ConfigServletWebServerApplicationContext : Exception encountered during context initialization - cancelling refresh attempt: org.springframework.context.ApplicationContextException: Failed to start bean 'webServerStartStop'; nested exception is org.springframework.boot.web.server.PortInUseException: Port 8080 is already in use
2022-03-10 15:12:39.298  INFO 123748 --- [restartedMain] j.LocalContainerEntityManagerFactoryBean : Closing JPA EntityManagerFactory for persistence unit 'default'
2022-03-10 15:12:39.303  INFO 123748 --- [restartedMain] com.zaxxer.hikari.HikariDataSource       : HikariPool-1 - Shutdown initiated...
2022-03-10 15:12:39.314  INFO 123748 --- [restartedMain] com.zaxxer.hikari.HikariDataSource       : HikariPool-1 - Shutdown completed.
2022-03-10 15:12:39.320  INFO 123748 --- [restartedMain] o.apache.catalina.core.StandardService   : Stopping service [Tomcat]
2022-03-10 15:12:39.344  INFO 123748 --- [restartedMain] ConditionEvaluationReportLoggingListener : 

Error starting ApplicationContext. To display the conditions report re-run your application with 'debug' enabled.
2022-03-10 15:12:39.387 ERROR 123748 --- [restartedMain] o.s.b.d.LoggingFailureAnalysisReporter   : 

***************************
APPLICATION FAILED TO START
***************************

Description:

Web server failed to start. Port 8080 was already in use.

Action:

Identify and stop the process that's listening on port 8080 or configure this application to listen on another port.

2022-03-10 15:12:43.889  INFO 172664 --- [RMI TCP Connection(8)-127.0.0.1] inMXBeanRegistrar$SpringApplicationAdmin : Application shutdown requested.
2022-03-10 15:12:44.983  INFO 172664 --- [RMI TCP Connection(8)-127.0.0.1] j.LocalContainerEntityManagerFactoryBean : Closing JPA EntityManagerFactory for persistence unit 'default'
2022-03-10 15:12:45.035  INFO 172664 --- [RMI TCP Connection(8)-127.0.0.1] com.zaxxer.hikari.HikariDataSource       : HikariPool-1 - Shutdown initiated...
2022-03-10 15:12:45.074  INFO 172664 --- [RMI TCP Connection(8)-127.0.0.1] com.zaxxer.hikari.HikariDataSource       : HikariPool-1 - Shutdown completed.
2022-03-10 15:13:23.280  INFO 175432 --- [restartedMain] i.be.progettocsv.ProgettoCsvApplication  : Starting ProgettoCsvApplication using Java 11.0.13 on LAPTOP-KFKGCED5 with PID 175432 (C:\Users\Lenovo\eclipse-workspace\ProgettoCsv\target\classes started by Lenovo in C:\Users\Lenovo\eclipse-workspace\ProgettoCsv)
2022-03-10 15:13:23.282  INFO 175432 --- [restartedMain] i.be.progettocsv.ProgettoCsvApplication  : No active profile set, falling back to 1 default profile: "default"
2022-03-10 15:13:23.387  INFO 175432 --- [restartedMain] .e.DevToolsPropertyDefaultsPostProcessor : Devtools property defaults active! Set 'spring.devtools.add-properties' to 'false' to disable
2022-03-10 15:13:23.387  INFO 175432 --- [restartedMain] .e.DevToolsPropertyDefaultsPostProcessor : For additional web related logging consider setting the 'logging.level.web' property to 'DEBUG'
2022-03-10 15:13:25.915  INFO 175432 --- [restartedMain] .s.d.r.c.RepositoryConfigurationDelegate : Bootstrapping Spring Data JPA repositories in DEFAULT mode.
2022-03-10 15:13:26.076  INFO 175432 --- [restartedMain] .s.d.r.c.RepositoryConfigurationDelegate : Finished Spring Data repository scanning in 137 ms. Found 1 JPA repository interfaces.
2022-03-10 15:13:27.587  INFO 175432 --- [restartedMain] o.s.b.w.embedded.tomcat.TomcatWebServer  : Tomcat initialized with port(s): 8080 (http)
2022-03-10 15:13:27.606  INFO 175432 --- [restartedMain] o.apache.catalina.core.StandardService   : Starting service [Tomcat]
2022-03-10 15:13:27.606  INFO 175432 --- [restartedMain] org.apache.catalina.core.StandardEngine  : Starting Servlet engine: [Apache Tomcat/9.0.58]
2022-03-10 15:13:27.743  INFO 175432 --- [restartedMain] o.a.c.c.C.[Tomcat].[localhost].[/]       : Initializing Spring embedded WebApplicationContext
2022-03-10 15:13:27.743  INFO 175432 --- [restartedMain] w.s.c.ServletWebServerApplicationContext : Root WebApplicationContext: initialization completed in 4354 ms
2022-03-10 15:13:28.161  INFO 175432 --- [restartedMain] o.hibernate.jpa.internal.util.LogHelper  : HHH000204: Processing PersistenceUnitInfo [name: default]
2022-03-10 15:13:28.263  INFO 175432 --- [restartedMain] org.hibernate.Version                    : HHH000412: Hibernate ORM core version 5.6.5.Final
2022-03-10 15:13:28.544  INFO 175432 --- [restartedMain] o.hibernate.annotations.common.Version   : HCANN000001: Hibernate Commons Annotations {5.1.2.Final}
2022-03-10 15:13:28.705  INFO 175432 --- [restartedMain] com.zaxxer.hikari.HikariDataSource       : HikariPool-1 - Starting...
2022-03-10 15:13:29.008  INFO 175432 --- [restartedMain] com.zaxxer.hikari.HikariDataSource       : HikariPool-1 - Start completed.
2022-03-10 15:13:29.081  INFO 175432 --- [restartedMain] org.hibernate.dialect.Dialect            : HHH000400: Using dialect: org.hibernate.dialect.PostgreSQL10Dialect
2022-03-10 15:13:30.769  INFO 175432 --- [restartedMain] o.h.e.t.j.p.i.JtaPlatformInitiator       : HHH000490: Using JtaPlatform implementation: [org.hibernate.engine.transaction.jta.platform.internal.NoJtaPlatform]
2022-03-10 15:13:30.783  INFO 175432 --- [restartedMain] j.LocalContainerEntityManagerFactoryBean : Initialized JPA EntityManagerFactory for persistence unit 'default'
2022-03-10 15:13:31.391  WARN 175432 --- [restartedMain] JpaBaseConfiguration$JpaWebConfiguration : spring.jpa.open-in-view is enabled by default. Therefore, database queries may be performed during view rendering. Explicitly configure spring.jpa.open-in-view to disable this warning
2022-03-10 15:13:31.962  INFO 175432 --- [restartedMain] o.s.b.d.a.OptionalLiveReloadServer       : LiveReload server is running on port 35729
2022-03-10 15:13:32.036  INFO 175432 --- [restartedMain] o.s.b.w.embedded.tomcat.TomcatWebServer  : Tomcat started on port(s): 8080 (http) with context path ''
2022-03-10 15:13:32.052  INFO 175432 --- [restartedMain] i.be.progettocsv.ProgettoCsvApplication  : Started ProgettoCsvApplication in 9.604 seconds (JVM running for 12.806)
2022-03-10 15:15:02.549  INFO 175432 --- [Thread-5] j.LocalContainerEntityManagerFactoryBean : Closing JPA EntityManagerFactory for persistence unit 'default'
2022-03-10 15:15:02.587  INFO 175432 --- [Thread-5] com.zaxxer.hikari.HikariDataSource       : HikariPool-1 - Shutdown initiated...
2022-03-10 15:15:02.610  INFO 175432 --- [Thread-5] com.zaxxer.hikari.HikariDataSource       : HikariPool-1 - Shutdown completed.
2022-03-10 15:15:03.119  INFO 175432 --- [restartedMain] i.be.progettocsv.ProgettoCsvApplication  : Starting ProgettoCsvApplication using Java 11.0.13 on LAPTOP-KFKGCED5 with PID 175432 (C:\Users\Lenovo\eclipse-workspace\ProgettoCsv\target\classes started by Lenovo in C:\Users\Lenovo\eclipse-workspace\ProgettoCsv)
2022-03-10 15:15:03.120  INFO 175432 --- [restartedMain] i.be.progettocsv.ProgettoCsvApplication  : No active profile set, falling back to 1 default profile: "default"
2022-03-10 15:15:03.764  INFO 175432 --- [restartedMain] .s.d.r.c.RepositoryConfigurationDelegate : Bootstrapping Spring Data JPA repositories in DEFAULT mode.
2022-03-10 15:15:03.777  INFO 175432 --- [restartedMain] .s.d.r.c.RepositoryConfigurationDelegate : Finished Spring Data repository scanning in 12 ms. Found 1 JPA repository interfaces.
2022-03-10 15:15:03.908  INFO 175432 --- [restartedMain] o.s.b.w.embedded.tomcat.TomcatWebServer  : Tomcat initialized with port(s): 8080 (http)
2022-03-10 15:15:03.910  INFO 175432 --- [restartedMain] o.apache.catalina.core.StandardService   : Starting service [Tomcat]
2022-03-10 15:15:03.911  INFO 175432 --- [restartedMain] org.apache.catalina.core.StandardEngine  : Starting Servlet engine: [Apache Tomcat/9.0.58]
2022-03-10 15:15:03.954  INFO 175432 --- [restartedMain] o.a.c.c.C.[Tomcat].[localhost].[/]       : Initializing Spring embedded WebApplicationContext
2022-03-10 15:15:03.955  INFO 175432 --- [restartedMain] w.s.c.ServletWebServerApplicationContext : Root WebApplicationContext: initialization completed in 824 ms
2022-03-10 15:15:04.008  INFO 175432 --- [restartedMain] o.hibernate.jpa.internal.util.LogHelper  : HHH000204: Processing PersistenceUnitInfo [name: default]
2022-03-10 15:15:04.020  INFO 175432 --- [restartedMain] com.zaxxer.hikari.HikariDataSource       : HikariPool-2 - Starting...
2022-03-10 15:15:04.190  INFO 175432 --- [restartedMain] com.zaxxer.hikari.HikariDataSource       : HikariPool-2 - Start completed.
2022-03-10 15:15:04.191  INFO 175432 --- [restartedMain] org.hibernate.dialect.Dialect            : HHH000400: Using dialect: org.hibernate.dialect.PostgreSQL10Dialect
2022-03-10 15:15:04.281  INFO 175432 --- [restartedMain] o.h.e.t.j.p.i.JtaPlatformInitiator       : HHH000490: Using JtaPlatform implementation: [org.hibernate.engine.transaction.jta.platform.internal.NoJtaPlatform]
2022-03-10 15:15:04.283  INFO 175432 --- [restartedMain] j.LocalContainerEntityManagerFactoryBean : Initialized JPA EntityManagerFactory for persistence unit 'default'
2022-03-10 15:15:04.389  WARN 175432 --- [restartedMain] JpaBaseConfiguration$JpaWebConfiguration : spring.jpa.open-in-view is enabled by default. Therefore, database queries may be performed during view rendering. Explicitly configure spring.jpa.open-in-view to disable this warning
2022-03-10 15:15:04.521  INFO 175432 --- [restartedMain] o.s.b.d.a.OptionalLiveReloadServer       : LiveReload server is running on port 35729
2022-03-10 15:15:04.550  INFO 175432 --- [restartedMain] o.s.b.w.embedded.tomcat.TomcatWebServer  : Tomcat started on port(s): 8080 (http) with context path ''
2022-03-10 15:15:04.559  INFO 175432 --- [restartedMain] i.be.progettocsv.ProgettoCsvApplication  : Started ProgettoCsvApplication in 1.635 seconds (JVM running for 105.313)
2022-03-10 15:15:25.977  INFO 175432 --- [Thread-7] j.LocalContainerEntityManagerFactoryBean : Closing JPA EntityManagerFactory for persistence unit 'default'
2022-03-10 15:15:26.000  INFO 175432 --- [Thread-7] com.zaxxer.hikari.HikariDataSource       : HikariPool-2 - Shutdown initiated...
2022-03-10 15:15:26.023  INFO 175432 --- [Thread-7] com.zaxxer.hikari.HikariDataSource       : HikariPool-2 - Shutdown completed.
2022-03-10 15:15:26.455  INFO 175432 --- [restartedMain] i.be.progettocsv.ProgettoCsvApplication  : Starting ProgettoCsvApplication using Java 11.0.13 on LAPTOP-KFKGCED5 with PID 175432 (C:\Users\Lenovo\eclipse-workspace\ProgettoCsv\target\classes started by Lenovo in C:\Users\Lenovo\eclipse-workspace\ProgettoCsv)
2022-03-10 15:15:26.456  INFO 175432 --- [restartedMain] i.be.progettocsv.ProgettoCsvApplication  : No active profile set, falling back to 1 default profile: "default"
2022-03-10 15:15:26.786  INFO 175432 --- [restartedMain] .s.d.r.c.RepositoryConfigurationDelegate : Bootstrapping Spring Data JPA repositories in DEFAULT mode.
2022-03-10 15:15:26.798  INFO 175432 --- [restartedMain] .s.d.r.c.RepositoryConfigurationDelegate : Finished Spring Data repository scanning in 11 ms. Found 1 JPA repository interfaces.
2022-03-10 15:15:26.919  INFO 175432 --- [restartedMain] o.s.b.w.embedded.tomcat.TomcatWebServer  : Tomcat initialized with port(s): 8080 (http)
2022-03-10 15:15:26.920  INFO 175432 --- [restartedMain] o.apache.catalina.core.StandardService   : Starting service [Tomcat]
2022-03-10 15:15:26.920  INFO 175432 --- [restartedMain] org.apache.catalina.core.StandardEngine  : Starting Servlet engine: [Apache Tomcat/9.0.58]
2022-03-10 15:15:26.950  INFO 175432 --- [restartedMain] o.a.c.c.C.[Tomcat].[localhost].[/]       : Initializing Spring embedded WebApplicationContext
2022-03-10 15:15:26.950  INFO 175432 --- [restartedMain] w.s.c.ServletWebServerApplicationContext : Root WebApplicationContext: initialization completed in 487 ms
2022-03-10 15:15:26.993  INFO 175432 --- [restartedMain] o.hibernate.jpa.internal.util.LogHelper  : HHH000204: Processing PersistenceUnitInfo [name: default]
2022-03-10 15:15:27.002  INFO 175432 --- [restartedMain] com.zaxxer.hikari.HikariDataSource       : HikariPool-3 - Starting...
2022-03-10 15:15:27.167  INFO 175432 --- [restartedMain] com.zaxxer.hikari.HikariDataSource       : HikariPool-3 - Start completed.
2022-03-10 15:15:27.168  INFO 175432 --- [restartedMain] org.hibernate.dialect.Dialect            : HHH000400: Using dialect: org.hibernate.dialect.PostgreSQL10Dialect
2022-03-10 15:15:27.187  INFO 175432 --- [restartedMain] org.hibernate.tuple.PojoInstantiator     : HHH000182: No default (no-argument) constructor for class: it.be.progettocsv.model.Book (class must be instantiated by Interceptor)
2022-03-10 15:15:27.315  INFO 175432 --- [restartedMain] o.h.e.t.j.p.i.JtaPlatformInitiator       : HHH000490: Using JtaPlatform implementation: [org.hibernate.engine.transaction.jta.platform.internal.NoJtaPlatform]
2022-03-10 15:15:27.316  INFO 175432 --- [restartedMain] j.LocalContainerEntityManagerFactoryBean : Initialized JPA EntityManagerFactory for persistence unit 'default'
2022-03-10 15:15:27.490  WARN 175432 --- [restartedMain] JpaBaseConfiguration$JpaWebConfiguration : spring.jpa.open-in-view is enabled by default. Therefore, database queries may be performed during view rendering. Explicitly configure spring.jpa.open-in-view to disable this warning
2022-03-10 15:15:27.677  INFO 175432 --- [restartedMain] o.s.b.d.a.OptionalLiveReloadServer       : LiveReload server is running on port 35729
2022-03-10 15:15:27.695  INFO 175432 --- [restartedMain] o.s.b.w.embedded.tomcat.TomcatWebServer  : Tomcat started on port(s): 8080 (http) with context path ''
2022-03-10 15:15:27.706  INFO 175432 --- [restartedMain] i.be.progettocsv.ProgettoCsvApplication  : Started ProgettoCsvApplication in 1.334 seconds (JVM running for 128.461)
2022-03-10 15:16:00.599  INFO 175432 --- [Thread-11] j.LocalContainerEntityManagerFactoryBean : Closing JPA EntityManagerFactory for persistence unit 'default'
2022-03-10 15:16:00.613  INFO 175432 --- [Thread-11] com.zaxxer.hikari.HikariDataSource       : HikariPool-3 - Shutdown initiated...
2022-03-10 15:16:00.640  INFO 175432 --- [Thread-11] com.zaxxer.hikari.HikariDataSource       : HikariPool-3 - Shutdown completed.
2022-03-10 15:16:00.900  INFO 175432 --- [restartedMain] i.be.progettocsv.ProgettoCsvApplication  : Starting ProgettoCsvApplication using Java 11.0.13 on LAPTOP-KFKGCED5 with PID 175432 (C:\Users\Lenovo\eclipse-workspace\ProgettoCsv\target\classes started by Lenovo in C:\Users\Lenovo\eclipse-workspace\ProgettoCsv)
2022-03-10 15:16:00.901  INFO 175432 --- [restartedMain] i.be.progettocsv.ProgettoCsvApplication  : No active profile set, falling back to 1 default profile: "default"
2022-03-10 15:16:01.461  INFO 175432 --- [restartedMain] .s.d.r.c.RepositoryConfigurationDelegate : Bootstrapping Spring Data JPA repositories in DEFAULT mode.
2022-03-10 15:16:01.484  INFO 175432 --- [restartedMain] .s.d.r.c.RepositoryConfigurationDelegate : Finished Spring Data repository scanning in 23 ms. Found 1 JPA repository interfaces.
2022-03-10 15:16:01.677  INFO 175432 --- [restartedMain] o.s.b.w.embedded.tomcat.TomcatWebServer  : Tomcat initialized with port(s): 8080 (http)
2022-03-10 15:16:01.678  INFO 175432 --- [restartedMain] o.apache.catalina.core.StandardService   : Starting service [Tomcat]
2022-03-10 15:16:01.678  INFO 175432 --- [restartedMain] org.apache.catalina.core.StandardEngine  : Starting Servlet engine: [Apache Tomcat/9.0.58]
2022-03-10 15:16:01.699  INFO 175432 --- [restartedMain] o.a.c.c.C.[Tomcat].[localhost].[/]       : Initializing Spring embedded WebApplicationContext
2022-03-10 15:16:01.699  INFO 175432 --- [restartedMain] w.s.c.ServletWebServerApplicationContext : Root WebApplicationContext: initialization completed in 786 ms
2022-03-10 15:16:01.741  INFO 175432 --- [restartedMain] o.hibernate.jpa.internal.util.LogHelper  : HHH000204: Processing PersistenceUnitInfo [name: default]
2022-03-10 15:16:01.750  INFO 175432 --- [restartedMain] com.zaxxer.hikari.HikariDataSource       : HikariPool-4 - Starting...
2022-03-10 15:16:01.836  INFO 175432 --- [restartedMain] com.zaxxer.hikari.HikariDataSource       : HikariPool-4 - Start completed.
2022-03-10 15:16:01.837  INFO 175432 --- [restartedMain] org.hibernate.dialect.Dialect            : HHH000400: Using dialect: org.hibernate.dialect.PostgreSQL10Dialect
2022-03-10 15:16:01.849  INFO 175432 --- [restartedMain] org.hibernate.tuple.PojoInstantiator     : HHH000182: No default (no-argument) constructor for class: it.be.progettocsv.model.Book (class must be instantiated by Interceptor)
2022-03-10 15:16:01.913  INFO 175432 --- [restartedMain] o.h.e.t.j.p.i.JtaPlatformInitiator       : HHH000490: Using JtaPlatform implementation: [org.hibernate.engine.transaction.jta.platform.internal.NoJtaPlatform]
2022-03-10 15:16:01.913  INFO 175432 --- [restartedMain] j.LocalContainerEntityManagerFactoryBean : Initialized JPA EntityManagerFactory for persistence unit 'default'
2022-03-10 15:16:02.105  WARN 175432 --- [restartedMain] JpaBaseConfiguration$JpaWebConfiguration : spring.jpa.open-in-view is enabled by default. Therefore, database queries may be performed during view rendering. Explicitly configure spring.jpa.open-in-view to disable this warning
2022-03-10 15:16:02.306  INFO 175432 --- [restartedMain] o.s.b.d.a.OptionalLiveReloadServer       : LiveReload server is running on port 35729
2022-03-10 15:16:02.339  INFO 175432 --- [restartedMain] o.s.b.w.embedded.tomcat.TomcatWebServer  : Tomcat started on port(s): 8080 (http) with context path ''
2022-03-10 15:16:02.351  INFO 175432 --- [restartedMain] i.be.progettocsv.ProgettoCsvApplication  : Started ProgettoCsvApplication in 1.534 seconds (JVM running for 163.106)
2022-03-10 15:17:27.782  INFO 175432 --- [Thread-15] j.LocalContainerEntityManagerFactoryBean : Closing JPA EntityManagerFactory for persistence unit 'default'
2022-03-10 15:17:27.868  INFO 175432 --- [Thread-15] com.zaxxer.hikari.HikariDataSource       : HikariPool-4 - Shutdown initiated...
2022-03-10 15:17:28.000  INFO 175432 --- [Thread-15] com.zaxxer.hikari.HikariDataSource       : HikariPool-4 - Shutdown completed.
2022-03-10 15:17:28.592  INFO 175432 --- [restartedMain] i.be.progettocsv.ProgettoCsvApplication  : Starting ProgettoCsvApplication using Java 11.0.13 on LAPTOP-KFKGCED5 with PID 175432 (C:\Users\Lenovo\eclipse-workspace\ProgettoCsv\target\classes started by Lenovo in C:\Users\Lenovo\eclipse-workspace\ProgettoCsv)
2022-03-10 15:17:28.593  INFO 175432 --- [restartedMain] i.be.progettocsv.ProgettoCsvApplication  : No active profile set, falling back to 1 default profile: "default"
2022-03-10 15:17:29.028  INFO 175432 --- [restartedMain] .s.d.r.c.RepositoryConfigurationDelegate : Bootstrapping Spring Data JPA repositories in DEFAULT mode.
2022-03-10 15:17:29.046  INFO 175432 --- [restartedMain] .s.d.r.c.RepositoryConfigurationDelegate : Finished Spring Data repository scanning in 17 ms. Found 1 JPA repository interfaces.
2022-03-10 15:17:29.234  INFO 175432 --- [restartedMain] o.s.b.w.embedded.tomcat.TomcatWebServer  : Tomcat initialized with port(s): 8080 (http)
2022-03-10 15:17:29.236  INFO 175432 --- [restartedMain] o.apache.catalina.core.StandardService   : Starting service [Tomcat]
2022-03-10 15:17:29.237  INFO 175432 --- [restartedMain] org.apache.catalina.core.StandardEngine  : Starting Servlet engine: [Apache Tomcat/9.0.58]
2022-03-10 15:17:29.263  INFO 175432 --- [restartedMain] o.a.c.c.C.[Tomcat].[localhost].[/]       : Initializing Spring embedded WebApplicationContext
2022-03-10 15:17:29.263  INFO 175432 --- [restartedMain] w.s.c.ServletWebServerApplicationContext : Root WebApplicationContext: initialization completed in 665 ms
2022-03-10 15:17:29.303  INFO 175432 --- [restartedMain] o.hibernate.jpa.internal.util.LogHelper  : HHH000204: Processing PersistenceUnitInfo [name: default]
2022-03-10 15:17:29.310  INFO 175432 --- [restartedMain] com.zaxxer.hikari.HikariDataSource       : HikariPool-5 - Starting...
2022-03-10 15:17:29.450  INFO 175432 --- [restartedMain] com.zaxxer.hikari.HikariDataSource       : HikariPool-5 - Start completed.
2022-03-10 15:17:29.451  INFO 175432 --- [restartedMain] org.hibernate.dialect.Dialect            : HHH000400: Using dialect: org.hibernate.dialect.PostgreSQL10Dialect
2022-03-10 15:17:29.469  INFO 175432 --- [restartedMain] org.hibernate.tuple.PojoInstantiator     : HHH000182: No default (no-argument) constructor for class: it.be.progettocsv.model.Book (class must be instantiated by Interceptor)
2022-03-10 15:17:29.533  INFO 175432 --- [restartedMain] o.h.e.t.j.p.i.JtaPlatformInitiator       : HHH000490: Using JtaPlatform implementation: [org.hibernate.engine.transaction.jta.platform.internal.NoJtaPlatform]
2022-03-10 15:17:29.534  INFO 175432 --- [restartedMain] j.LocalContainerEntityManagerFactoryBean : Initialized JPA EntityManagerFactory for persistence unit 'default'
2022-03-10 15:17:29.646  WARN 175432 --- [restartedMain] JpaBaseConfiguration$JpaWebConfiguration : spring.jpa.open-in-view is enabled by default. Therefore, database queries may be performed during view rendering. Explicitly configure spring.jpa.open-in-view to disable this warning
2022-03-10 15:17:29.779  INFO 175432 --- [restartedMain] o.s.b.d.a.OptionalLiveReloadServer       : LiveReload server is running on port 35729
2022-03-10 15:17:29.794  INFO 175432 --- [restartedMain] o.s.b.w.embedded.tomcat.TomcatWebServer  : Tomcat started on port(s): 8080 (http) with context path ''
2022-03-10 15:17:29.801  INFO 175432 --- [restartedMain] i.be.progettocsv.ProgettoCsvApplication  : Started ProgettoCsvApplication in 1.282 seconds (JVM running for 250.556)
2022-03-10 15:18:22.062  INFO 156048 --- [restartedMain] i.be.progettocsv.ProgettoCsvApplication  : Starting ProgettoCsvApplication using Java 11.0.13 on LAPTOP-KFKGCED5 with PID 156048 (C:\Users\Lenovo\eclipse-workspace\ProgettoCsv\target\classes started by Lenovo in C:\Users\Lenovo\eclipse-workspace\ProgettoCsv)
2022-03-10 15:18:22.066  INFO 156048 --- [restartedMain] i.be.progettocsv.ProgettoCsvApplication  : No active profile set, falling back to 1 default profile: "default"
2022-03-10 15:18:22.167  INFO 156048 --- [restartedMain] .e.DevToolsPropertyDefaultsPostProcessor : Devtools property defaults active! Set 'spring.devtools.add-properties' to 'false' to disable
2022-03-10 15:18:22.168  INFO 156048 --- [restartedMain] .e.DevToolsPropertyDefaultsPostProcessor : For additional web related logging consider setting the 'logging.level.web' property to 'DEBUG'
2022-03-10 15:18:23.209  INFO 156048 --- [restartedMain] .s.d.r.c.RepositoryConfigurationDelegate : Bootstrapping Spring Data JPA repositories in DEFAULT mode.
2022-03-10 15:18:23.285  INFO 156048 --- [restartedMain] .s.d.r.c.RepositoryConfigurationDelegate : Finished Spring Data repository scanning in 60 ms. Found 1 JPA repository interfaces.
2022-03-10 15:18:24.262  INFO 156048 --- [restartedMain] o.s.b.w.embedded.tomcat.TomcatWebServer  : Tomcat initialized with port(s): 8080 (http)
2022-03-10 15:18:24.285  INFO 156048 --- [restartedMain] o.apache.catalina.core.StandardService   : Starting service [Tomcat]
2022-03-10 15:18:24.285  INFO 156048 --- [restartedMain] org.apache.catalina.core.StandardEngine  : Starting Servlet engine: [Apache Tomcat/9.0.58]
2022-03-10 15:18:24.465  INFO 156048 --- [restartedMain] o.a.c.c.C.[Tomcat].[localhost].[/]       : Initializing Spring embedded WebApplicationContext
2022-03-10 15:18:24.466  INFO 156048 --- [restartedMain] w.s.c.ServletWebServerApplicationContext : Root WebApplicationContext: initialization completed in 2298 ms
2022-03-10 15:18:24.881  INFO 156048 --- [restartedMain] o.hibernate.jpa.internal.util.LogHelper  : HHH000204: Processing PersistenceUnitInfo [name: default]
2022-03-10 15:18:25.164  INFO 156048 --- [restartedMain] org.hibernate.Version                    : HHH000412: Hibernate ORM core version 5.6.5.Final
2022-03-10 15:18:27.354  INFO 156048 --- [restartedMain] o.hibernate.annotations.common.Version   : HCANN000001: Hibernate Commons Annotations {5.1.2.Final}
2022-03-10 15:18:27.596  INFO 156048 --- [restartedMain] com.zaxxer.hikari.HikariDataSource       : HikariPool-1 - Starting...
2022-03-10 15:18:28.597  INFO 156048 --- [restartedMain] com.zaxxer.hikari.HikariDataSource       : HikariPool-1 - Start completed.
2022-03-10 15:18:28.772  INFO 156048 --- [restartedMain] org.hibernate.dialect.Dialect            : HHH000400: Using dialect: org.hibernate.dialect.PostgreSQL10Dialect
2022-03-10 15:18:29.534  INFO 156048 --- [restartedMain] org.hibernate.tuple.PojoInstantiator     : HHH000182: No default (no-argument) constructor for class: it.be.progettocsv.model.Book (class must be instantiated by Interceptor)
2022-03-10 15:18:30.263  INFO 156048 --- [restartedMain] o.h.e.t.j.p.i.JtaPlatformInitiator       : HHH000490: Using JtaPlatform implementation: [org.hibernate.engine.transaction.jta.platform.internal.NoJtaPlatform]
2022-03-10 15:18:30.283  INFO 156048 --- [restartedMain] j.LocalContainerEntityManagerFactoryBean : Initialized JPA EntityManagerFactory for persistence unit 'default'
2022-03-10 15:18:30.881  WARN 156048 --- [restartedMain] JpaBaseConfiguration$JpaWebConfiguration : spring.jpa.open-in-view is enabled by default. Therefore, database queries may be performed during view rendering. Explicitly configure spring.jpa.open-in-view to disable this warning
2022-03-10 15:18:31.554  INFO 156048 --- [restartedMain] o.s.b.d.a.OptionalLiveReloadServer       : LiveReload server is running on port 35729
2022-03-10 15:18:31.622  INFO 156048 --- [restartedMain] o.s.b.w.embedded.tomcat.TomcatWebServer  : Tomcat started on port(s): 8080 (http) with context path ''
2022-03-10 15:18:31.636  INFO 156048 --- [restartedMain] i.be.progettocsv.ProgettoCsvApplication  : Started ProgettoCsvApplication in 10.382 seconds (JVM running for 12.201)
2022-03-10 15:29:36.648  INFO 156048 --- [Thread-5] j.LocalContainerEntityManagerFactoryBean : Closing JPA EntityManagerFactory for persistence unit 'default'
2022-03-10 15:29:38.141  INFO 156048 --- [Thread-5] com.zaxxer.hikari.HikariDataSource       : HikariPool-1 - Shutdown initiated...
2022-03-10 15:29:38.276  INFO 156048 --- [Thread-5] com.zaxxer.hikari.HikariDataSource       : HikariPool-1 - Shutdown completed.
2022-03-10 15:29:38.900  INFO 156048 --- [restartedMain] i.be.progettocsv.ProgettoCsvApplication  : Starting ProgettoCsvApplication using Java 11.0.13 on LAPTOP-KFKGCED5 with PID 156048 (C:\Users\Lenovo\eclipse-workspace\ProgettoCsv\target\classes started by Lenovo in C:\Users\Lenovo\eclipse-workspace\ProgettoCsv)
2022-03-10 15:29:38.900  INFO 156048 --- [restartedMain] i.be.progettocsv.ProgettoCsvApplication  : No active profile set, falling back to 1 default profile: "default"
2022-03-10 15:29:39.302  INFO 156048 --- [restartedMain] .s.d.r.c.RepositoryConfigurationDelegate : Bootstrapping Spring Data JPA repositories in DEFAULT mode.
2022-03-10 15:29:39.320  INFO 156048 --- [restartedMain] .s.d.r.c.RepositoryConfigurationDelegate : Finished Spring Data repository scanning in 17 ms. Found 1 JPA repository interfaces.
2022-03-10 15:29:39.441  INFO 156048 --- [restartedMain] o.s.b.w.embedded.tomcat.TomcatWebServer  : Tomcat initialized with port(s): 8080 (http)
2022-03-10 15:29:39.442  INFO 156048 --- [restartedMain] o.apache.catalina.core.StandardService   : Starting service [Tomcat]
2022-03-10 15:29:39.443  INFO 156048 --- [restartedMain] org.apache.catalina.core.StandardEngine  : Starting Servlet engine: [Apache Tomcat/9.0.58]
2022-03-10 15:29:39.473  INFO 156048 --- [restartedMain] o.a.c.c.C.[Tomcat].[localhost].[/]       : Initializing Spring embedded WebApplicationContext
2022-03-10 15:29:39.474  INFO 156048 --- [restartedMain] w.s.c.ServletWebServerApplicationContext : Root WebApplicationContext: initialization completed in 570 ms
2022-03-10 15:29:39.509  INFO 156048 --- [restartedMain] o.hibernate.jpa.internal.util.LogHelper  : HHH000204: Processing PersistenceUnitInfo [name: default]
2022-03-10 15:29:39.518  INFO 156048 --- [restartedMain] com.zaxxer.hikari.HikariDataSource       : HikariPool-2 - Starting...
2022-03-10 15:29:39.754  INFO 156048 --- [restartedMain] com.zaxxer.hikari.HikariDataSource       : HikariPool-2 - Start completed.
2022-03-10 15:29:39.755  INFO 156048 --- [restartedMain] org.hibernate.dialect.Dialect            : HHH000400: Using dialect: org.hibernate.dialect.PostgreSQL10Dialect
2022-03-10 15:29:39.771  INFO 156048 --- [restartedMain] org.hibernate.tuple.PojoInstantiator     : HHH000182: No default (no-argument) constructor for class: it.be.progettocsv.model.Book (class must be instantiated by Interceptor)
2022-03-10 15:29:39.872  INFO 156048 --- [restartedMain] o.h.e.t.j.p.i.JtaPlatformInitiator       : HHH000490: Using JtaPlatform implementation: [org.hibernate.engine.transaction.jta.platform.internal.NoJtaPlatform]
2022-03-10 15:29:39.873  INFO 156048 --- [restartedMain] j.LocalContainerEntityManagerFactoryBean : Initialized JPA EntityManagerFactory for persistence unit 'default'
2022-03-10 15:29:39.943  WARN 156048 --- [restartedMain] JpaBaseConfiguration$JpaWebConfiguration : spring.jpa.open-in-view is enabled by default. Therefore, database queries may be performed during view rendering. Explicitly configure spring.jpa.open-in-view to disable this warning
2022-03-10 15:29:40.021  INFO 156048 --- [restartedMain] o.s.b.d.a.OptionalLiveReloadServer       : LiveReload server is running on port 35729
2022-03-10 15:29:40.030  INFO 156048 --- [restartedMain] o.s.b.w.embedded.tomcat.TomcatWebServer  : Tomcat started on port(s): 8080 (http) with context path ''
2022-03-10 15:29:40.034  INFO 156048 --- [restartedMain] i.be.progettocsv.ProgettoCsvApplication  : Started ProgettoCsvApplication in 1.175 seconds (JVM running for 680.599)
2022-03-10 15:29:40.052  INFO 156048 --- [restartedMain] .ConditionEvaluationDeltaLoggingListener : Condition evaluation unchanged
2022-03-10 15:30:40.770  INFO 156048 --- [Thread-7] j.LocalContainerEntityManagerFactoryBean : Closing JPA EntityManagerFactory for persistence unit 'default'
2022-03-10 15:30:40.832  INFO 156048 --- [Thread-7] com.zaxxer.hikari.HikariDataSource       : HikariPool-2 - Shutdown initiated...
2022-03-10 15:30:40.929  INFO 156048 --- [Thread-7] com.zaxxer.hikari.HikariDataSource       : HikariPool-2 - Shutdown completed.
2022-03-10 15:30:41.861  INFO 156048 --- [restartedMain] i.be.progettocsv.ProgettoCsvApplication  : Starting ProgettoCsvApplication using Java 11.0.13 on LAPTOP-KFKGCED5 with PID 156048 (C:\Users\Lenovo\eclipse-workspace\ProgettoCsv\target\classes started by Lenovo in C:\Users\Lenovo\eclipse-workspace\ProgettoCsv)
2022-03-10 15:30:41.863  INFO 156048 --- [restartedMain] i.be.progettocsv.ProgettoCsvApplication  : No active profile set, falling back to 1 default profile: "default"
2022-03-10 15:30:42.422  INFO 156048 --- [restartedMain] .s.d.r.c.RepositoryConfigurationDelegate : Bootstrapping Spring Data JPA repositories in DEFAULT mode.
2022-03-10 15:30:42.435  INFO 156048 --- [restartedMain] .s.d.r.c.RepositoryConfigurationDelegate : Finished Spring Data repository scanning in 12 ms. Found 1 JPA repository interfaces.
2022-03-10 15:30:42.586  INFO 156048 --- [restartedMain] o.s.b.w.embedded.tomcat.TomcatWebServer  : Tomcat initialized with port(s): 8080 (http)
2022-03-10 15:30:42.587  INFO 156048 --- [restartedMain] o.apache.catalina.core.StandardService   : Starting service [Tomcat]
2022-03-10 15:30:42.588  INFO 156048 --- [restartedMain] org.apache.catalina.core.StandardEngine  : Starting Servlet engine: [Apache Tomcat/9.0.58]
2022-03-10 15:30:42.616  INFO 156048 --- [restartedMain] o.a.c.c.C.[Tomcat].[localhost].[/]       : Initializing Spring embedded WebApplicationContext
2022-03-10 15:30:42.616  INFO 156048 --- [restartedMain] w.s.c.ServletWebServerApplicationContext : Root WebApplicationContext: initialization completed in 741 ms
2022-03-10 15:30:42.653  INFO 156048 --- [restartedMain] o.hibernate.jpa.internal.util.LogHelper  : HHH000204: Processing PersistenceUnitInfo [name: default]
2022-03-10 15:30:42.664  INFO 156048 --- [restartedMain] com.zaxxer.hikari.HikariDataSource       : HikariPool-3 - Starting...
2022-03-10 15:30:42.910  INFO 156048 --- [restartedMain] com.zaxxer.hikari.HikariDataSource       : HikariPool-3 - Start completed.
2022-03-10 15:30:42.912  INFO 156048 --- [restartedMain] org.hibernate.dialect.Dialect            : HHH000400: Using dialect: org.hibernate.dialect.PostgreSQL10Dialect
2022-03-10 15:30:42.929  INFO 156048 --- [restartedMain] org.hibernate.tuple.PojoInstantiator     : HHH000182: No default (no-argument) constructor for class: it.be.progettocsv.model.Book (class must be instantiated by Interceptor)
2022-03-10 15:30:43.033  INFO 156048 --- [restartedMain] o.h.e.t.j.p.i.JtaPlatformInitiator       : HHH000490: Using JtaPlatform implementation: [org.hibernate.engine.transaction.jta.platform.internal.NoJtaPlatform]
2022-03-10 15:30:43.034  INFO 156048 --- [restartedMain] j.LocalContainerEntityManagerFactoryBean : Initialized JPA EntityManagerFactory for persistence unit 'default'
2022-03-10 15:30:43.161  WARN 156048 --- [restartedMain] JpaBaseConfiguration$JpaWebConfiguration : spring.jpa.open-in-view is enabled by default. Therefore, database queries may be performed during view rendering. Explicitly configure spring.jpa.open-in-view to disable this warning
2022-03-10 15:30:43.288  INFO 156048 --- [restartedMain] o.s.b.d.a.OptionalLiveReloadServer       : LiveReload server is running on port 35729
2022-03-10 15:30:43.298  INFO 156048 --- [restartedMain] o.s.b.w.embedded.tomcat.TomcatWebServer  : Tomcat started on port(s): 8080 (http) with context path ''
2022-03-10 15:30:43.305  INFO 156048 --- [restartedMain] i.be.progettocsv.ProgettoCsvApplication  : Started ProgettoCsvApplication in 1.655 seconds (JVM running for 743.87)
2022-03-10 15:30:43.329  INFO 156048 --- [restartedMain] .ConditionEvaluationDeltaLoggingListener : Condition evaluation unchanged
